{
  "RSpec": {
    "coverage": {
      "/Users/lucybennell/Projects/GNTRF.IO-BNB/app.rb": {
        "lines": [
          1,
          null,
          1,
          1,
          0,
          null,
          null
        ]
      },
      "/Users/lucybennell/Projects/GNTRF.IO-BNB/spec/order_spec.rb": {
        "lines": [

        ]
      },
      "/Users/lucybennell/Projects/GNTRF.IO-BNB/spec/space_spec.rb": {
        "lines": [

        ]
      },
      "/Users/lucybennell/Projects/GNTRF.IO-BNB/spec/user_spec.rb": {
        "lines": [
          1,
          1,
          null,
          1,
          4,
          null,
          1,
          1,
          null,
          null,
          1,
          1,
          null,
          null,
          1,
          1,
          null,
          null,
          1,
          1,
          1,
          5,
          null,
          null,
          1,
          1,
          1,
          1,
          1,
          1,
          null,
          null,
          null,
          1,
          1,
          1,
          1,
          1,
          1,
          null,
          null,
          1,
          1,
          1,
          null,
          null,
          1,
          1,
          1,
          null,
          null,
          1,
          1,
          1,
          1,
          1,
          1,
          null,
          null,
          null,
          null
        ]
      },
      "/Users/lucybennell/Projects/GNTRF.IO-BNB/lib/user.rb": {
        "lines": [
          1,
          1,
          null,
          1,
          1,
          null,
          1,
          10,
          10,
          10,
          null,
          null,
          1,
          5,
          5,
          5,
          5,
          null,
          null,
          5,
          null,
          null,
          1,
          1,
          1,
          1,
          null,
          1,
          null,
          null,
          1,
          3,
          3,
          3,
          null,
          3,
          2,
          1,
          null,
          null,
          null
        ]
      }
    },
    "timestamp": 1606150820
  }
}
