{
  "RSpec": {
    "coverage": {
      "/Users/awithsmith/Nextcloud/makers/GNTRF.IO-BNB/app.rb": {
        "lines": [
          1,
          null,
          1,
          1,
          null,
          1,
          1,
          null,
          null,
          null,
          1,
          1,
          1,
          null,
          null,
          1,
          null,
          null,
          2,
          2,
          null,
          null
        ]
      },
      "/Users/awithsmith/Nextcloud/makers/GNTRF.IO-BNB/spec/features/browse_listings_spec.rb": {
        "lines": [
          1,
          1,
          null,
          1,
          1,
          1,
          1,
          null,
          null,
          1,
          1,
          1,
          1,
          1,
          1,
          1,
          null,
          null
        ]
      },
      "/Users/awithsmith/Nextcloud/makers/GNTRF.IO-BNB/lib/space.rb": {
        "lines": [
          1,
          1,
          null,
          null,
          null
        ]
      },
      "/Users/awithsmith/Nextcloud/makers/GNTRF.IO-BNB/spec/features/navbar_spec.rb": {
        "lines": [
          1,
          null,
          1,
          1,
          1,
          1,
          1,
          null,
          null,
          1,
          1,
          1,
          null,
          null
        ]
      },
      "/Users/awithsmith/Nextcloud/makers/GNTRF.IO-BNB/spec/order_spec.rb": {
        "lines": [

        ]
      },
      "/Users/awithsmith/Nextcloud/makers/GNTRF.IO-BNB/spec/space_spec.rb": {
        "lines": [

        ]
      },
      "/Users/awithsmith/Nextcloud/makers/GNTRF.IO-BNB/spec/user_spec.rb": {
        "lines": [
          1,
          1,
          null,
          1,
          4,
          null,
          1,
          1,
          null,
          null,
          1,
          1,
          null,
          null,
          1,
          1,
          null,
          null,
          1,
          1,
          1,
          5,
          null,
          null,
          1,
          1,
          1,
          1,
          1,
          1,
          null,
          null,
          null,
          1,
          1,
          1,
          1,
          1,
          1,
          null,
          null,
          1,
          1,
          1,
          null,
          null,
          1,
          1,
          1,
          null,
          null,
          1,
          1,
          1,
          1,
          1,
          1,
          null,
          null,
          null,
          null
        ]
      },
      "/Users/awithsmith/Nextcloud/makers/GNTRF.IO-BNB/lib/user.rb": {
        "lines": [
          1,
          1,
          null,
          1,
          1,
          null,
          1,
          10,
          10,
          10,
          null,
          null,
          1,
          5,
          5,
          5,
          5,
          null,
          null,
          5,
          null,
          null,
          1,
          1,
          1,
          1,
          null,
          1,
          null,
          null,
          1,
          3,
          3,
          3,
          null,
          3,
          2,
          1,
          null,
          null,
          null
        ]
      }
    },
    "timestamp": 1606152631
  }
}
